Using pre-set license
Built from '2020.3/staging' branch; Version is '2020.3.13f1 (71691879b7f5) revision 7432472'; Using compiler version '192528614'; Build Type 'Release'
OS: 'Windows 10 Home; OS build 19042.1288; Version 2009; 64bit' Language: 'en' Physical Memory: 8051 MB
BatchMode: 1, IsHumanControllingUs: 0, StartBugReporterOnCrash: 0, Is64bit: 1, IsPro: 0

 COMMAND LINE ARGUMENTS:
E:\Program\Unity 2020.1.6f1\Editor\2020.3.13f1\Editor\Unity.exe
-adb2
-batchMode
-noUpm
-name
AssetImportWorker1
-projectPath
D:/KULIAH/ASLAB/PEMGAME/C-152018134/Pertemuan2
-logFile
Logs/AssetImportWorker1.log
-srvPort
60175
Successfully changed project path to: D:/KULIAH/ASLAB/PEMGAME/C-152018134/Pertemuan2
D:/KULIAH/ASLAB/PEMGAME/C-152018134/Pertemuan2
Using Asset Import Pipeline V2.
Refreshing native plugins compatible for Editor in 36.22 ms, found 2 plugins.
Preloading 0 native plugins for Editor in 0.00 ms.
Initialize engine version: 2020.3.13f1 (71691879b7f5)
[Subsystems] Discovering subsystems at path E:/Program/Unity 2020.1.6f1/Editor/2020.3.13f1/Editor/Data/Resources/UnitySubsystems
[Subsystems] Discovering subsystems at path D:/KULIAH/ASLAB/PEMGAME/C-152018134/Pertemuan2/Assets
GfxDevice: creating device client; threaded=0
Direct3D:
    Version:  Direct3D 11.0 [level 11.1]
    Renderer: NVIDIA GeForce GTX 1050 Ti (ID=0x1c8c)
    Vendor:   
    VRAM:     4018 MB
    Driver:   30.0.14.7111
Initialize mono
Mono path[0] = 'E:/Program/Unity 2020.1.6f1/Editor/2020.3.13f1/Editor/Data/Managed'
Mono path[1] = 'E:/Program/Unity 2020.1.6f1/Editor/2020.3.13f1/Editor/Data/MonoBleedingEdge/lib/mono/unityjit'
Mono config path = 'E:/Program/Unity 2020.1.6f1/Editor/2020.3.13f1/Editor/Data/MonoBleedingEdge/etc'
Using monoOptions --debugger-agent=transport=dt_socket,embedding=1,server=y,suspend=n,address=127.0.0.1:56392
Begin MonoManager ReloadAssembly
Registering precompiled unity dll's ...
Register platform support module: E:/Program/Unity 2020.1.6f1/Editor/2020.3.13f1/Editor/Data/PlaybackEngines/WebGLSupport/UnityEditor.WebGL.Extensions.dll
Register platform support module: E:/Program/Unity 2020.1.6f1/Editor/2020.3.13f1/Editor/Data/PlaybackEngines/WindowsStandaloneSupport/UnityEditor.WindowsStandalone.Extensions.dll
Registered in 0.038559 seconds.
Native extension for WindowsStandalone target not found
Native extension for WebGL target not found
Refreshing native plugins compatible for Editor in 37.44 ms, found 2 plugins.
Preloading 0 native plugins for Editor in 0.00 ms.
Mono: successfully reloaded assembly
- Completed reload, in 11.628 seconds
Platform modules already initialized, skipping
Registering precompiled user dll's ...
Registered in 0.932535 seconds.
